\BOOKMARK [0][-]{chapter*.2}{\376\377\000I\000n\000t\000r\000o\000d\000u\000c\000t\000i\000o\000n}{}% 1
\BOOKMARK [0][-]{chapter.1}{\376\377\000P\000r\000o\000b\000l\000e\000m\000\040\000A\000n\000a\000l\000y\000s\000i\000s}{}% 2
\BOOKMARK [1][-]{section.1.1}{\376\377\000M\000e\000t\000h\000o\000d\000s\000\040\000o\000f\000\040\000g\000e\000n\000e\000r\000a\000t\000i\000o\000n}{chapter.1}% 3
\BOOKMARK [1][-]{section.1.2}{\376\377\000D\000a\000t\000a}{chapter.1}% 4
\BOOKMARK [2][-]{subsection.1.2.1}{\376\377\000E\000x\000i\000s\000t\000i\000n\000g\000\040\000d\000a\000t\000a\000s\000e\000t\000s}{section.1.2}% 5
\BOOKMARK [3][-]{subsubsection.1.2.1.1}{\376\377\000I\000n\000d\000i\000a\000n\000a\000\040\000U\000n\000i\000v\000e\000r\000s\000i\000t\000y\000\040\000c\000h\000e\000s\000t\000\040\000X\000-\000r\000a\000y}{subsection.1.2.1}% 6
\BOOKMARK [3][-]{subsubsection.1.2.1.2}{\376\377\000M\000I\000M\000I\000C\000-\000C\000X\000R\000\040\000v\0002\000.\0000\000.\0000}{subsection.1.2.1}% 7
\BOOKMARK [2][-]{subsection.1.2.2}{\376\377\000C\000z\000e\000c\000h\000\040\000d\000a\000t\000a}{section.1.2}% 8
\BOOKMARK [2][-]{subsection.1.2.3}{\376\377\000T\000r\000a\000n\000s\000l\000a\000t\000o\000r\000s}{section.1.2}% 9
\BOOKMARK [3][-]{subsubsection.1.2.3.1}{\376\377\000D\000e\000e\000p\000L}{subsection.1.2.3}% 10
\BOOKMARK [3][-]{subsubsection.1.2.3.2}{\376\377\000G\000o\000o\000g\000l\000e\000\040\000T\000r\000a\000n\000s\000l\000a\000t\000e}{subsection.1.2.3}% 11
\BOOKMARK [3][-]{subsubsection.1.2.3.3}{\376\377\000C\000U\000B\000B\000I\000T\000T}{subsection.1.2.3}% 12
\BOOKMARK [1][-]{section.1.3}{\376\377\000L\000a\000n\000g\000u\000a\000g\000e\000\040\000m\000o\000d\000e\000l\000s}{chapter.1}% 13
\BOOKMARK [2][-]{subsection.1.3.1}{\376\377\000G\000P\000T\0002}{section.1.3}% 14
\BOOKMARK [1][-]{section.1.4}{\376\377\000R\000e\000l\000a\000t\000e\000d\000\040\000w\000o\000r\000k}{chapter.1}% 15
\BOOKMARK [0][-]{chapter.2}{\376\377\000T\000i\000t\000l\000e\000\040\000o\000f\000\040\000t\000h\000e\000\040\000s\000e\000c\000o\000n\000d\000\040\000c\000h\000a\000p\000t\000e\000r}{}% 16
\BOOKMARK [1][-]{section.2.1}{\376\377\000T\000i\000t\000l\000e\000\040\000o\000f\000\040\000t\000h\000e\000\040\000f\000i\000r\000s\000t\000\040\000s\000u\000b\000c\000h\000a\000p\000t\000e\000r\000\040\000o\000f\000\040\000t\000h\000e\000\040\000s\000e\000c\000o\000n\000d\000\040\000c\000h\000a\000p\000t\000e\000r}{chapter.2}% 17
\BOOKMARK [1][-]{section.2.2}{\376\377\000T\000i\000t\000l\000e\000\040\000o\000f\000\040\000t\000h\000e\000\040\000s\000e\000c\000o\000n\000d\000\040\000s\000u\000b\000c\000h\000a\000p\000t\000e\000r\000\040\000o\000f\000\040\000t\000h\000e\000\040\000s\000e\000c\000o\000n\000d\000\040\000c\000h\000a\000p\000t\000e\000r}{chapter.2}% 18
\BOOKMARK [0][-]{chapter*.5}{\376\377\000C\000o\000n\000c\000l\000u\000s\000i\000o\000n}{}% 19
\BOOKMARK [0][-]{chapter*.6}{\376\377\000B\000i\000b\000l\000i\000o\000g\000r\000a\000p\000h\000y}{}% 20
\BOOKMARK [0][-]{chapter*.7}{\376\377\000L\000i\000s\000t\000\040\000o\000f\000\040\000F\000i\000g\000u\000r\000e\000s}{}% 21
\BOOKMARK [0][-]{chapter*.8}{\376\377\000L\000i\000s\000t\000\040\000o\000f\000\040\000T\000a\000b\000l\000e\000s}{}% 22
\BOOKMARK [0][-]{chapter*.9}{\376\377\000L\000i\000s\000t\000\040\000o\000f\000\040\000A\000b\000b\000r\000e\000v\000i\000a\000t\000i\000o\000n\000s}{}% 23
\BOOKMARK [0][-]{appendix.A}{\376\377\000A\000t\000t\000a\000c\000h\000m\000e\000n\000t\000s}{}% 24
\BOOKMARK [1][-]{section.A.1}{\376\377\000F\000i\000r\000s\000t\000\040\000A\000t\000t\000a\000c\000h\000m\000e\000n\000t}{appendix.A}% 25
